#
# A fatal error has been detected by the Java Runtime Environment:
#
#  EXCEPTION_ACCESS_VIOLATION (0xc0000005) at pc=0x000000006d79615d, pid=4396, tid=5832
#
# JRE version: Java(TM) SE Runtime Environment (8.0_20-b26) (build 1.8.0_20-b26)
# Java VM: Java HotSpot(TM) 64-Bit Server VM (25.20-b23 mixed mode windows-amd64 compressed oops)
# Problematic frame:
# V  [jvm.dll+0x4e615d]
#
# Failed to write core dump. Minidumps are not enabled by default on client versions of Windows
#
# If you would like to submit a bug report, please visit:
#   http://bugreport.sun.com/bugreport/crash.jsp
#

---------------  T H R E A D  ---------------

Current thread (0x00000000164dc000):  JavaThread "C2 CompilerThread0" daemon [_thread_in_native, id=5832, stack(0x0000000017a50000,0x0000000017b50000)]

siginfo: ExceptionCode=0xc0000005, reading address 0x0000000010010001

Registers:
RAX=0x000000001f4a0020, RBX=0x0000000000005ffc, RCX=0x0000000010010001, RDX=0x0000000017b4eeb0
RSP=0x0000000017b4bfc0, RBP=0x0000000017b4c039, RSI=0x0000000017b4cb90, RDI=0x000000000002ffe0
R8 =0x000000006d8f66b8, R9 =0x0000000000000000, R10=0x00000000186cc168, R11=0x000000006d8f66b8
R12=0x0000000016518c00, R13=0x0000000000000008, R14=0x000000000000220d, R15=0x000000006d866428
RIP=0x000000006d79615d, EFLAGS=0x0000000000010202

Top of Stack: (sp=0x0000000017b4bfc0)
0x0000000017b4bfc0:   0000000000004b18 0000000017b4cb90
0x0000000017b4bfd0:   0000000020a6b9a0 000000007fffffff
0x0000000017b4bfe0:   0000000017b4cb90 000000006d6fda96
0x0000000017b4bff0:   0000000017b4c039 000000000000220c
0x0000000017b4c000:   000000001f6e8330 000000001b9b0e50
0x0000000017b4c010:   00000000164d8e50 0000000000004000
0x0000000017b4c020:   000000001bd3bfe0 000000000000220d
0x0000000017b4c030:   000000006d8f50b8 00000000164d8e50
0x0000000017b4c040:   0000000000000400 0000000018fb8370
0x0000000017b4c050:   0000000000000000 000000006d796d3d
0x0000000017b4c060:   000000006d866428 00000000000302e8
0x0000000017b4c070:   000000001f6ec038 000000001f6e8330
0x0000000017b4c080:   000000001f6e4050 0000000017b4ec70
0x0000000017b4c090:   0000000017b4c1a0 000000006d700f01
0x0000000017b4c0a0:   00000000164d8e50 0000000017b4cb90
0x0000000017b4c0b0:   0000000000000008 0000000017b4ec70 

Instructions: (pc=0x000000006d79615d)
0x000000006d79613d:   30 4c 89 64 24 40 8b fb 66 66 66 0f 1f 84 00 00
0x000000006d79614d:   00 00 00 48 8b 46 48 48 8b 0c 07 48 85 c9 74 21
0x000000006d79615d:   48 8b 01 ff 50 68 4c 8b e0 3b 5e 40 72 0b 48 8d
0x000000006d79616d:   4e 38 8b d3 e8 0a ec ff ff 48 8b 4e 48 4c 89 24 


Register to memory mapping:

RAX=0x000000001f4a0020 is an unknown value
RBX=0x0000000000005ffc is an unknown value
RCX=0x0000000010010001 is an unknown value
RDX=0x0000000017b4eeb0 is pointing into the stack for thread: 0x00000000164dc000
RSP=0x0000000017b4bfc0 is pointing into the stack for thread: 0x00000000164dc000
RBP=0x0000000017b4c039 is pointing into the stack for thread: 0x00000000164dc000
RSI=0x0000000017b4cb90 is pointing into the stack for thread: 0x00000000164dc000
RDI=0x000000000002ffe0 is an unknown value
R8 =0x000000006d8f66b8 is an unknown value
R9 =0x0000000000000000 is an unknown value
R10=0x00000000186cc168 is an unknown value
R11=0x000000006d8f66b8 is an unknown value
R12=0x0000000016518c00 is an unknown value
R13=0x0000000000000008 is an unknown value
R14=0x000000000000220d is an unknown value
R15=0x000000006d866428 is an unknown value


Stack: [0x0000000017a50000,0x0000000017b50000],  sp=0x0000000017b4bfc0,  free space=1007k
Native frames: (J=compiled Java code, j=interpreted, Vv=VM code, C=native code)
V  [jvm.dll+0x4e615d]
V  [jvm.dll+0x44da96]
V  [jvm.dll+0x450f01]
V  [jvm.dll+0x452634]
V  [jvm.dll+0x435fc2]
V  [jvm.dll+0x97b62]
V  [jvm.dll+0x98353]
V  [jvm.dll+0x22aac4]
V  [jvm.dll+0x283f5a]
C  [msvcr100.dll+0x21d9f]
C  [msvcr100.dll+0x21e3b]
C  [KERNEL32.DLL+0x16ad]
C  [ntdll.dll+0x734a5]


Current CompileTask:
C2: 157802 7896   !   4       org.springframework.core.annotation.AnnotationUtils::findAnnotation (91 bytes)


---------------  P R O C E S S  ---------------

Java Threads: ( => current thread )
  0x000000001bf9d800 JavaThread "http-bio-8080-exec-10" daemon [_thread_in_Java, id=6132, stack(0x000000001b0f0000,0x000000001b1f0000)]
  0x000000001bfa0800 JavaThread "http-bio-8080-exec-9" daemon [_thread_blocked, id=5552, stack(0x0000000023d90000,0x0000000023e90000)]
  0x000000001bf9f000 JavaThread "http-bio-8080-exec-8" daemon [_thread_blocked, id=5664, stack(0x0000000023c90000,0x0000000023d90000)]
  0x000000001bf9c800 JavaThread "http-bio-8080-exec-7" daemon [_thread_blocked, id=5744, stack(0x0000000023b90000,0x0000000023c90000)]
  0x000000001bf9f800 JavaThread "http-bio-8080-exec-6" daemon [_thread_blocked, id=2504, stack(0x0000000023a90000,0x0000000023b90000)]
  0x000000001bf9e000 JavaThread "http-bio-8080-exec-5" daemon [_thread_in_native, id=3384, stack(0x0000000023990000,0x0000000023a90000)]
  0x000000001bf9a800 JavaThread "http-bio-8080-exec-4" daemon [_thread_in_native, id=5684, stack(0x0000000023890000,0x0000000023990000)]
  0x000000001bf9c000 JavaThread "http-bio-8080-exec-3" daemon [_thread_in_native, id=5884, stack(0x0000000023690000,0x0000000023790000)]
  0x000000001bf9b000 JavaThread "http-bio-8080-exec-2" daemon [_thread_in_native, id=1592, stack(0x0000000023590000,0x0000000023690000)]
  0x000000001a1d1800 JavaThread "http-bio-8080-exec-1" daemon [_thread_in_native, id=4704, stack(0x0000000023490000,0x0000000023590000)]
  0x000000001a1d1000 JavaThread "http-bio-8080-AsyncTimeout" daemon [_thread_blocked, id=4972, stack(0x0000000023390000,0x0000000023490000)]
  0x000000001a1cf800 JavaThread "http-bio-8080-Acceptor-0" daemon [_thread_in_native, id=5472, stack(0x0000000023290000,0x0000000023390000)]
  0x000000001a1d2800 JavaThread "ContainerBackgroundProcessor[StandardEngine[Tomcat]]" daemon [_thread_blocked, id=5732, stack(0x000000001f990000,0x000000001fa90000)]
  0x000000001dcb9800 JavaThread "PoolCleaner[208181619:1410216341423]" daemon [_thread_blocked, id=5252, stack(0x000000001fb30000,0x000000001fc30000)]
  0x00000000196f1000 JavaThread "resolver-4" daemon [_thread_blocked, id=1560, stack(0x000000001cd10000,0x000000001ce10000)]
  0x00000000197d2800 JavaThread "resolver-3" daemon [_thread_blocked, id=6120, stack(0x000000001c5d0000,0x000000001c6d0000)]
  0x0000000019ac7800 JavaThread "resolver-2" daemon [_thread_blocked, id=5060, stack(0x000000001b500000,0x000000001b600000)]
  0x000000001a0c1800 JavaThread "resolver-1" daemon [_thread_blocked, id=5992, stack(0x000000001b400000,0x000000001b500000)]
  0x000000001653e000 JavaThread "Service Thread" daemon [_thread_blocked, id=5956, stack(0x0000000018150000,0x0000000018250000)]
  0x00000000164eb800 JavaThread "C1 CompilerThread2" daemon [_thread_in_vm, id=5484, stack(0x0000000017c50000,0x0000000017d50000)]
  0x00000000164e8000 JavaThread "C2 CompilerThread1" daemon [_thread_in_native, id=5548, stack(0x0000000017b50000,0x0000000017c50000)]
=>0x00000000164dc000 JavaThread "C2 CompilerThread0" daemon [_thread_in_native, id=5832, stack(0x0000000017a50000,0x0000000017b50000)]
  0x00000000164da800 JavaThread "Attach Listener" daemon [_thread_blocked, id=5964, stack(0x0000000017950000,0x0000000017a50000)]
  0x00000000164d9800 JavaThread "Signal Dispatcher" daemon [_thread_blocked, id=668, stack(0x0000000017850000,0x0000000017950000)]
  0x0000000002bd4000 JavaThread "Finalizer" daemon [_thread_blocked, id=5316, stack(0x0000000017740000,0x0000000017840000)]
  0x0000000002bcb000 JavaThread "Reference Handler" daemon [_thread_blocked, id=5448, stack(0x0000000017640000,0x0000000017740000)]
  0x0000000002ae0800 JavaThread "main" [_thread_blocked, id=6080, stack(0x00000000029b0000,0x0000000002ab0000)]

Other Threads:
  0x00000000164a5000 VMThread [stack: 0x0000000017540000,0x0000000017640000] [id=5940]
  0x0000000017d86000 WatcherThread [stack: 0x0000000018250000,0x0000000018350000] [id=6084]

VM state:not at safepoint (normal execution)

VM Mutex/Monitor currently owned by a thread: None

Heap:
 PSYoungGen      total 300544K, used 50491K [0x00000000e0600000, 0x00000000f6380000, 0x0000000100000000)
  eden space 284160K, 12% used [0x00000000e0600000,0x00000000e277a5c0,0x00000000f1b80000)
  from space 16384K, 98% used [0x00000000f5380000,0x00000000f63546c8,0x00000000f6380000)
  to   space 28672K, 0% used [0x00000000f2b80000,0x00000000f2b80000,0x00000000f4780000)
 ParOldGen       total 123904K, used 35262K [0x00000000a1200000, 0x00000000a8b00000, 0x00000000e0600000)
  object space 123904K, 28% used [0x00000000a1200000,0x00000000a346fa60,0x00000000a8b00000)
 Metaspace       used 55016K, capacity 56042K, committed 56496K, reserved 1099776K
  class space    used 6759K, capacity 7029K, committed 7088K, reserved 1048576K

Card table byte_map: [0x0000000011fb0000,0x00000000122b0000] byte_map_base: 0x0000000011aa7000

Marking Bits: (ParMarkBitMap*) 0x000000006da8b460
 Begin Bits: [0x00000000128b0000, 0x0000000014068000)
 End Bits:   [0x0000000014068000, 0x0000000015820000)

Polling page: 0x0000000002ab0000

CodeCache: size=245760Kb used=23193Kb max_used=24270Kb free=222566Kb
 bounds [0x0000000002bf0000, 0x00000000043d0000, 0x0000000011bf0000]
 total_blobs=7266 nmethods=6718 adapters=461
 compilation: enabled

Compilation events (10 events):
Event: 157.614 Thread 0x00000000164eb800 7906       1       com.sun.org.apache.xerces.internal.xni.parser.XMLInputSource::getBaseSystemId (5 bytes)
Event: 157.614 Thread 0x00000000164eb800 nmethod 7906 0x00000000031edf90 code [0x00000000031ee0e0, 0x00000000031ee1f0]
Event: 157.617 Thread 0x00000000164eb800 7911       3       com.sun.org.apache.xerces.internal.impl.dtd.XMLDTDValidator::addDTDDefaultAttrsAndValidate (1026 bytes)
Event: 157.626 Thread 0x00000000164eb800 nmethod 7911 0x0000000003b958d0 code [0x0000000003b95f00, 0x0000000003b9a968]
Event: 157.629 Thread 0x00000000164eb800 7914       3       java.lang.ThreadLocal$ThreadLocalMap::expungeStaleEntry (146 bytes)
Event: 157.630 Thread 0x00000000164eb800 nmethod 7914 0x0000000003b43310 code [0x0000000003b43500, 0x0000000003b441b0]
Event: 157.630 Thread 0x00000000164e8000 nmethod 7898 0x0000000003bf82d0 code [0x0000000003bf8840, 0x0000000003bfa1d8]
Event: 157.631 Thread 0x00000000164e8000 7910   !   4       com.sun.org.apache.xerces.internal.impl.XMLDocumentFragmentScannerImpl$FragmentContentDriver::next (2345 bytes)
Event: 157.634 Thread 0x00000000164eb800 7913       3       org.springframework.context.support.AbstractApplicationContext$ApplicationListenerDetector::postProcessBeforeInitialization (2 bytes)
Event: 157.634 Thread 0x00000000164eb800 nmethod 7913 0x0000000003b2a610 code [0x0000000003b2a760, 0x0000000003b2a8b0]

GC Heap History (10 events):
Event: 17.546 GC heap before
{Heap before GC invocations=13 (full 2):
 PSYoungGen      total 203264K, used 25571K [0x00000000e0600000, 0x00000000f2880000, 0x0000000100000000)
  eden space 177664K, 0% used [0x00000000e0600000,0x00000000e0600000,0x00000000eb380000)
  from space 25600K, 99% used [0x00000000eb380000,0x00000000ecc78f80,0x00000000ecc80000)
  to   space 29184K, 0% used [0x00000000f0c00000,0x00000000f0c00000,0x00000000f2880000)
 ParOldGen       total 64000K, used 50373K [0x00000000a1200000, 0x00000000a5080000, 0x00000000e0600000)
  object space 64000K, 78% used [0x00000000a1200000,0x00000000a4331770,0x00000000a5080000)
 Metaspace       used 28757K, capacity 29494K, committed 29744K, reserved 1075200K
  class space    used 3320K, capacity 3528K, committed 3632K, reserved 1048576K
Event: 17.666 GC heap after
Heap after GC invocations=13 (full 2):
 PSYoungGen      total 203264K, used 0K [0x00000000e0600000, 0x00000000f2880000, 0x0000000100000000)
  eden space 177664K, 0% used [0x00000000e0600000,0x00000000e0600000,0x00000000eb380000)
  from space 25600K, 0% used [0x00000000eb380000,0x00000000eb380000,0x00000000ecc80000)
  to   space 29184K, 0% used [0x00000000f0c00000,0x00000000f0c00000,0x00000000f2880000)
 ParOldGen       total 116736K, used 47512K [0x00000000a1200000, 0x00000000a8400000, 0x00000000e0600000)
  object space 116736K, 40% used [0x00000000a1200000,0x00000000a4066060,0x00000000a8400000)
 Metaspace       used 28757K, capacity 29494K, committed 29744K, reserved 1075200K
  class space    used 3320K, capacity 3528K, committed 3632K, reserved 1048576K
}
Event: 21.221 GC heap before
{Heap before GC invocations=14 (full 2):
 PSYoungGen      total 203264K, used 177664K [0x00000000e0600000, 0x00000000f2880000, 0x0000000100000000)
  eden space 177664K, 100% used [0x00000000e0600000,0x00000000eb380000,0x00000000eb380000)
  from space 25600K, 0% used [0x00000000eb380000,0x00000000eb380000,0x00000000ecc80000)
  to   space 29184K, 0% used [0x00000000f0c00000,0x00000000f0c00000,0x00000000f2880000)
 ParOldGen       total 116736K, used 47512K [0x00000000a1200000, 0x00000000a8400000, 0x00000000e0600000)
  object space 116736K, 40% used [0x00000000a1200000,0x00000000a4066060,0x00000000a8400000)
 Metaspace       used 43993K, capacity 44822K, committed 45104K, reserved 1089536K
  class space    used 5347K, capacity 5559K, committed 5680K, reserved 1048576K
Event: 21.250 GC heap after
Heap after GC invocations=14 (full 2):
 PSYoungGen      total 264192K, used 16022K [0x00000000e0600000, 0x00000000f2680000, 0x0000000100000000)
  eden space 237056K, 0% used [0x00000000e0600000,0x00000000e0600000,0x00000000eed80000)
  from space 27136K, 59% used [0x00000000f0c00000,0x00000000f1ba5b88,0x00000000f2680000)
  to   space 29184K, 0% used [0x00000000eed80000,0x00000000eed80000,0x00000000f0a00000)
 ParOldGen       total 116736K, used 47520K [0x00000000a1200000, 0x00000000a8400000, 0x00000000e0600000)
  object space 116736K, 40% used [0x00000000a1200000,0x00000000a4068060,0x00000000a8400000)
 Metaspace       used 43993K, capacity 44822K, committed 45104K, reserved 1089536K
  class space    used 5347K, capacity 5559K, committed 5680K, reserved 1048576K
}
Event: 23.138 GC heap before
{Heap before GC invocations=15 (full 2):
 PSYoungGen      total 264192K, used 104722K [0x00000000e0600000, 0x00000000f2680000, 0x0000000100000000)
  eden space 237056K, 37% used [0x00000000e0600000,0x00000000e5c9ee58,0x00000000eed80000)
  from space 27136K, 59% used [0x00000000f0c00000,0x00000000f1ba5b88,0x00000000f2680000)
  to   space 29184K, 0% used [0x00000000eed80000,0x00000000eed80000,0x00000000f0a00000)
 ParOldGen       total 116736K, used 47520K [0x00000000a1200000, 0x00000000a8400000, 0x00000000e0600000)
  object space 116736K, 40% used [0x00000000a1200000,0x00000000a4068060,0x00000000a8400000)
 Metaspace       used 48501K, capacity 49348K, committed 49576K, reserved 1093632K
  class space    used 5943K, capacity 6180K, committed 6192K, reserved 1048576K
Event: 23.162 GC heap after
Heap after GC invocations=15 (full 2):
 PSYoungGen      total 266240K, used 6376K [0x00000000e0600000, 0x00000000f6f80000, 0x0000000100000000)
  eden space 237056K, 0% used [0x00000000e0600000,0x00000000e0600000,0x00000000eed80000)
  from space 29184K, 21% used [0x00000000eed80000,0x00000000ef3ba180,0x00000000f0a00000)
  to   space 28672K, 0% used [0x00000000f5380000,0x00000000f5380000,0x00000000f6f80000)
 ParOldGen       total 116736K, used 51869K [0x00000000a1200000, 0x00000000a8400000, 0x00000000e0600000)
  object space 116736K, 44% used [0x00000000a1200000,0x00000000a44a7690,0x00000000a8400000)
 Metaspace       used 48501K, capacity 49348K, committed 49576K, reserved 1093632K
  class space    used 5943K, capacity 6180K, committed 6192K, reserved 1048576K
}
Event: 23.162 GC heap before
{Heap before GC invocations=16 (full 3):
 PSYoungGen      total 266240K, used 6376K [0x00000000e0600000, 0x00000000f6f80000, 0x0000000100000000)
  eden space 237056K, 0% used [0x00000000e0600000,0x00000000e0600000,0x00000000eed80000)
  from space 29184K, 21% used [0x00000000eed80000,0x00000000ef3ba180,0x00000000f0a00000)
  to   space 28672K, 0% used [0x00000000f5380000,0x00000000f5380000,0x00000000f6f80000)
 ParOldGen       total 116736K, used 51869K [0x00000000a1200000, 0x00000000a8400000, 0x00000000e0600000)
  object space 116736K, 44% used [0x00000000a1200000,0x00000000a44a7690,0x00000000a8400000)
 Metaspace       used 48501K, capacity 49348K, committed 49576K, reserved 1093632K
  class space    used 5943K, capacity 6180K, committed 6192K, reserved 1048576K
Event: 23.442 GC heap after
Heap after GC invocations=16 (full 3):
 PSYoungGen      total 266240K, used 0K [0x00000000e0600000, 0x00000000f6f80000, 0x0000000100000000)
  eden space 237056K, 0% used [0x00000000e0600000,0x00000000e0600000,0x00000000eed80000)
  from space 29184K, 0% used [0x00000000eed80000,0x00000000eed80000,0x00000000f0a00000)
  to   space 28672K, 0% used [0x00000000f5380000,0x00000000f5380000,0x00000000f6f80000)
 ParOldGen       total 123904K, used 35254K [0x00000000a1200000, 0x00000000a8b00000, 0x00000000e0600000)
  object space 123904K, 28% used [0x00000000a1200000,0x00000000a346da60,0x00000000a8b00000)
 Metaspace       used 48501K, capacity 49348K, committed 49576K, reserved 1093632K
  class space    used 5943K, capacity 6180K, committed 6192K, reserved 1048576K
}
Event: 42.522 GC heap before
{Heap before GC invocations=17 (full 3):
 PSYoungGen      total 266240K, used 237056K [0x00000000e0600000, 0x00000000f6f80000, 0x0000000100000000)
  eden space 237056K, 100% used [0x00000000e0600000,0x00000000eed80000,0x00000000eed80000)
  from space 29184K, 0% used [0x00000000eed80000,0x00000000eed80000,0x00000000f0a00000)
  to   space 28672K, 0% used [0x00000000f5380000,0x00000000f5380000,0x00000000f6f80000)
 ParOldGen       total 123904K, used 35254K [0x00000000a1200000, 0x00000000a8b00000, 0x00000000e0600000)
  object space 123904K, 28% used [0x00000000a1200000,0x00000000a346da60,0x00000000a8b00000)
 Metaspace       used 54444K, capacity 55334K, committed 55600K, reserved 1097728K
  class space    used 6707K, capacity 6927K, committed 6960K, reserved 1048576K
Event: 42.549 GC heap after
Heap after GC invocations=17 (full 3):
 PSYoungGen      total 300544K, used 16209K [0x00000000e0600000, 0x00000000f6380000, 0x0000000100000000)
  eden space 284160K, 0% used [0x00000000e0600000,0x00000000e0600000,0x00000000f1b80000)
  from space 16384K, 98% used [0x00000000f5380000,0x00000000f63546c8,0x00000000f6380000)
  to   space 28672K, 0% used [0x00000000f2b80000,0x00000000f2b80000,0x00000000f4780000)
 ParOldGen       total 123904K, used 35262K [0x00000000a1200000, 0x00000000a8b00000, 0x00000000e0600000)
  object space 123904K, 28% used [0x00000000a1200000,0x00000000a346fa60,0x00000000a8b00000)
 Metaspace       used 54444K, capacity 55334K, committed 55600K, reserved 1097728K
  class space    used 6707K, capacity 6927K, committed 6960K, reserved 1048576K
}

Deoptimization events (10 events):
Event: 34.518 Thread 0x000000001a1d1800 Uncommon trap: reason=bimorphic action=maybe_recompile pc=0x000000000309dd30 method=java.util.regex.Pattern$5.isSatisfiedBy(I)Z @ 5
Event: 34.518 Thread 0x000000001a1d1800 Uncommon trap: reason=bimorphic action=maybe_recompile pc=0x000000000309dd68 method=java.util.regex.Pattern$5.isSatisfiedBy(I)Z @ 16
Event: 34.518 Thread 0x000000001a1d1800 Uncommon trap: reason=bimorphic action=maybe_recompile pc=0x0000000002d6cb34 method=java.util.regex.Pattern$Slice.match(Ljava/util/regex/Matcher;ILjava/lang/CharSequence;)Z @ 49
Event: 34.518 Thread 0x000000001a1d1800 Uncommon trap: reason=bimorphic action=maybe_recompile pc=0x0000000002d6cb34 method=java.util.regex.Pattern$Slice.match(Ljava/util/regex/Matcher;ILjava/lang/CharSequence;)Z @ 49
Event: 34.521 Thread 0x000000001a1d1800 Uncommon trap: reason=bimorphic action=maybe_recompile pc=0x00000000031f182c method=java.util.regex.Matcher.getTextLength()I @ 4
Event: 41.913 Thread 0x000000001bf9b000 Uncommon trap: reason=bimorphic action=maybe_recompile pc=0x000000000385842c method=java.util.regex.Matcher.getTextLength()I @ 4
Event: 42.520 Thread 0x000000001bf9c000 Uncommon trap: reason=bimorphic action=maybe_recompile pc=0x000000000385e470 method=java.util.regex.Matcher.getTextLength()I @ 4
Event: 157.583 Thread 0x000000001bf9d800 Uncommon trap: reason=unloaded action=reinterpret pc=0x0000000003210518 method=com.sun.org.apache.xerces.internal.utils.XMLLimitAnalyzer.addValue(ILjava/lang/String;I)V @ 68
Event: 157.591 Thread 0x000000001bf9d800 Uncommon trap: reason=null_check action=make_not_entrant pc=0x0000000003d48588 method=com.sun.org.apache.xerces.internal.utils.XMLLimitAnalyzer.isTracking(Ljava/lang/String;)Z @ 14
Event: 157.591 Thread 0x000000001bf9d800 Uncommon trap: reason=null_check action=make_not_entrant pc=0x000000000375f1c4 method=com.sun.org.apache.xerces.internal.utils.XMLLimitAnalyzer.isTracking(Ljava/lang/String;)Z @ 14

Internal exceptions (10 events):
Event: 157.642 Thread 0x000000001bf9d800 Exception <a 'java/security/PrivilegedActionException'> (0x00000000e24f6ba8) thrown at [D:\re\workspace\8-2-build-windows-amd64-cygwin\jdk8u20\1074\hotspot\src\share\vm\prims\jvm.cpp, line 1275]
Event: 157.642 Thread 0x000000001bf9d800 Exception <a 'java/security/PrivilegedActionException'> (0x00000000e24f7818) thrown at [D:\re\workspace\8-2-build-windows-amd64-cygwin\jdk8u20\1074\hotspot\src\share\vm\prims\jvm.cpp, line 1275]
Event: 157.644 Thread 0x000000001bf9d800 Exception <a 'java/security/PrivilegedActionException'> (0x00000000e24fe1a8) thrown at [D:\re\workspace\8-2-build-windows-amd64-cygwin\jdk8u20\1074\hotspot\src\share\vm\prims\jvm.cpp, line 1275]
Event: 157.644 Thread 0x000000001bf9d800 Exception <a 'java/security/PrivilegedActionException'> (0x00000000e24fef28) thrown at [D:\re\workspace\8-2-build-windows-amd64-cygwin\jdk8u20\1074\hotspot\src\share\vm\prims\jvm.cpp, line 1275]
Event: 157.645 Thread 0x000000001bf9d800 Exception <a 'java/security/PrivilegedActionException'> (0x00000000e2505e70) thrown at [D:\re\workspace\8-2-build-windows-amd64-cygwin\jdk8u20\1074\hotspot\src\share\vm\prims\jvm.cpp, line 1275]
Event: 157.645 Thread 0x000000001bf9d800 Exception <a 'java/security/PrivilegedActionException'> (0x00000000e2506ac0) thrown at [D:\re\workspace\8-2-build-windows-amd64-cygwin\jdk8u20\1074\hotspot\src\share\vm\prims\jvm.cpp, line 1275]
Event: 157.646 Thread 0x000000001bf9d800 Exception <a 'java/security/PrivilegedActionException'> (0x00000000e250f648) thrown at [D:\re\workspace\8-2-build-windows-amd64-cygwin\jdk8u20\1074\hotspot\src\share\vm\prims\jvm.cpp, line 1275]
Event: 157.646 Thread 0x000000001bf9d800 Exception <a 'java/security/PrivilegedActionException'> (0x00000000e2510348) thrown at [D:\re\workspace\8-2-build-windows-amd64-cygwin\jdk8u20\1074\hotspot\src\share\vm\prims\jvm.cpp, line 1275]
Event: 157.647 Thread 0x000000001bf9d800 Exception <a 'java/security/PrivilegedActionException'> (0x00000000e2517980) thrown at [D:\re\workspace\8-2-build-windows-amd64-cygwin\jdk8u20\1074\hotspot\src\share\vm\prims\jvm.cpp, line 1275]
Event: 157.647 Thread 0x000000001bf9d800 Exception <a 'java/security/PrivilegedActionException'> (0x00000000e2518630) thrown at [D:\re\workspace\8-2-build-windows-amd64-cygwin\jdk8u20\1074\hotspot\src\share\vm\prims\jvm.cpp, line 1275]

Events (10 events):
Event: 157.642 loading class org/springframework/web/servlet/support/JstlUtils
Event: 157.642 loading class org/springframework/web/servlet/support/JstlUtils done
Event: 157.644 loading class org/springframework/web/servlet/support/JstlUtils$SpringLocalizationContext
Event: 157.644 loading class org/springframework/web/servlet/support/JstlUtils$SpringLocalizationContext done
Event: 157.645 loading class javax/servlet/jsp/jstl/fmt/LocalizationContext
Event: 157.645 loading class javax/servlet/jsp/jstl/fmt/LocalizationContext done
Event: 157.646 loading class org/springframework/context/support/MessageSourceResourceBundle
Event: 157.646 loading class org/springframework/context/support/MessageSourceResourceBundle done
Event: 157.647 loading class org/apache/tiles/servlet/context/ServletRequestScopeMap
Event: 157.647 loading class org/apache/tiles/servlet/context/ServletRequestScopeMap done


Dynamic libraries:
0x00007ff7f6a20000 - 0x00007ff7f6a54000 	C:\Program Files\Java\jdk1.8.0_20\bin\javaw.exe
0x00007ffa15b30000 - 0x00007ffa15cda000 	C:\Windows\SYSTEM32\ntdll.dll
0x00007ffa13590000 - 0x00007ffa136ca000 	C:\Windows\system32\KERNEL32.DLL
0x00007ffa131f0000 - 0x00007ffa132ff000 	C:\Windows\system32\KERNELBASE.dll
0x00007ffa11ad0000 - 0x00007ffa11b58000 	C:\Windows\system32\apphelp.dll
0x00007ffa102f0000 - 0x00007ffa1033f000 	C:\Windows\AppPatch\AppPatch64\AcGenral.DLL
0x00007ffa15a00000 - 0x00007ffa15aa7000 	C:\Windows\system32\msvcrt.dll
0x00007ffa12d50000 - 0x00007ffa12d7b000 	C:\Windows\SYSTEM32\SspiCli.dll
0x00007ffa136d0000 - 0x00007ffa13721000 	C:\Windows\system32\SHLWAPI.dll
0x00007ffa15580000 - 0x00007ffa156f1000 	C:\Windows\system32\USER32.dll
0x00007ffa15400000 - 0x00007ffa15578000 	C:\Windows\system32\ole32.dll
0x00007ffa13ae0000 - 0x00007ffa14f00000 	C:\Windows\system32\SHELL32.dll
0x00007ffa12510000 - 0x00007ffa1252e000 	C:\Windows\SYSTEM32\USERENV.dll
0x00007ffa13730000 - 0x00007ffa137d5000 	C:\Windows\system32\ADVAPI32.dll
0x00007ffa0ce80000 - 0x00007ffa0ce9b000 	C:\Windows\SYSTEM32\MPR.dll
0x00007ffa15050000 - 0x00007ffa15187000 	C:\Windows\system32\RPCRT4.dll
0x00007ffa15ad0000 - 0x00007ffa15b27000 	C:\Windows\SYSTEM32\sechost.dll
0x00007ffa15190000 - 0x00007ffa15366000 	C:\Windows\SYSTEM32\combase.dll
0x00007ffa14f00000 - 0x00007ffa15044000 	C:\Windows\system32\GDI32.dll
0x00007ffa12ea0000 - 0x00007ffa12eb4000 	C:\Windows\SYSTEM32\profapi.dll
0x00007ffa11360000 - 0x00007ffa113ff000 	C:\Windows\SYSTEM32\SHCORE.dll
0x00007ffa133b0000 - 0x00007ffa133e4000 	C:\Windows\system32\IMM32.DLL
0x00007ffa138e0000 - 0x00007ffa13a19000 	C:\Windows\system32\MSCTF.dll
0x00007ffa10630000 - 0x00007ffa1088a000 	C:\Windows\WinSxS\amd64_microsoft.windows.common-controls_6595b64144ccf1df_6.0.9600.17031_none_6242a4b3ecbb55a1\COMCTL32.dll
0x000000006e5d0000 - 0x000000006e6a2000 	C:\Program Files\Java\jdk1.8.0_20\jre\bin\msvcr100.dll
0x000000006d2b0000 - 0x000000006db08000 	C:\Program Files\Java\jdk1.8.0_20\jre\bin\server\jvm.dll
0x00007ffa0f360000 - 0x00007ffa0f369000 	C:\Windows\SYSTEM32\WSOCK32.dll
0x00007ffa0fe90000 - 0x00007ffa0feaf000 	C:\Windows\SYSTEM32\WINMM.dll
0x00007ffa15390000 - 0x00007ffa15397000 	C:\Windows\system32\PSAPI.DLL
0x00007ffa137e0000 - 0x00007ffa13838000 	C:\Windows\system32\WS2_32.dll
0x00007ffa0fb10000 - 0x00007ffa0fb3a000 	C:\Windows\SYSTEM32\WINMMBASE.dll
0x00007ffa15370000 - 0x00007ffa15379000 	C:\Windows\system32\NSI.dll
0x00007ffa12f70000 - 0x00007ffa12fba000 	C:\Windows\SYSTEM32\cfgmgr32.dll
0x00007ffa11d50000 - 0x00007ffa11d76000 	C:\Windows\SYSTEM32\DEVOBJ.dll
0x000000006e5c0000 - 0x000000006e5cf000 	C:\Program Files\Java\jdk1.8.0_20\jre\bin\verify.dll
0x000000006d280000 - 0x000000006d2a8000 	C:\Program Files\Java\jdk1.8.0_20\jre\bin\java.dll
0x000000006d260000 - 0x000000006d276000 	C:\Program Files\Java\jdk1.8.0_20\jre\bin\zip.dll
0x000000006d240000 - 0x000000006d25a000 	C:\Program Files\Java\jdk1.8.0_20\jre\bin\net.dll
0x00007ffa127d0000 - 0x00007ffa12828000 	C:\Windows\system32\mswsock.dll
0x000000006d220000 - 0x000000006d231000 	C:\Program Files\Java\jdk1.8.0_20\jre\bin\nio.dll
0x00007ffa12830000 - 0x00007ffa1284e000 	C:\Windows\SYSTEM32\CRYPTSP.dll
0x00007ffa123a0000 - 0x00007ffa123d5000 	C:\Windows\system32\rsaenh.dll
0x00007ffa12a60000 - 0x00007ffa12a86000 	C:\Windows\SYSTEM32\bcrypt.dll
0x00007ffa12d80000 - 0x00007ffa12de0000 	C:\Windows\system32\bcryptprimitives.dll
0x00007ffa12de0000 - 0x00007ffa12dea000 	C:\Windows\SYSTEM32\CRYPTBASE.dll
0x00007ffa0ecb0000 - 0x00007ffa0ecd9000 	C:\Windows\SYSTEM32\IPHLPAPI.DLL
0x00007ffa0ec90000 - 0x00007ffa0ec9a000 	C:\Windows\SYSTEM32\WINNSI.DLL
0x00007ffa0e870000 - 0x00007ffa0e884000 	C:\Windows\SYSTEM32\dhcpcsvc6.DLL
0x00007ffa0ea20000 - 0x00007ffa0ea39000 	C:\Windows\SYSTEM32\dhcpcsvc.DLL
0x000000006d210000 - 0x000000006d21d000 	C:\Program Files\Java\jdk1.8.0_20\jre\bin\management.dll
0x00007ffa12570000 - 0x00007ffa12613000 	C:\Windows\SYSTEM32\DNSAPI.dll
0x00007ffa07df0000 - 0x00007ffa07df9000 	C:\Windows\System32\rasadhlp.dll
0x00007ffa0e9b0000 - 0x00007ffa0ea18000 	C:\Windows\System32\fwpuclnt.dll
0x00007ffa03620000 - 0x00007ffa037a8000 	C:\Windows\SYSTEM32\dbghelp.dll

VM Arguments:
jvm_args: -Dmaven.home=EMBEDDED -Dclassworlds.conf=E:\DropBox\Dropbox\Dropbox\6 Periodo\projetos do eclipse\.metadata\.plugins\org.eclipse.m2e.launching\launches\m2conf6044757273475641924.tmp -Dmaven.bootclasspath=/C:/eclipse/configuration/org.eclipse.osgi/bundles/535/1/.cp/jars/plexus-classworlds-2.4.jar -Dfile.encoding=Cp1252 
java_command: org.codehaus.plexus.classworlds.launcher.Launcher -B -s C:\Users\alex\.m2\settings.xml clean install tomcat7:run
java_class_path (initial): /C:/eclipse/configuration/org.eclipse.osgi/bundles/535/1/.cp/jars/plexus-classworlds-2.4.jar
Launcher Type: SUN_STANDARD

Environment Variables:
JAVA_HOME=C:\Program Files\Java\jdk1.8.0_20
PATH=C:/Program Files/Java/jre1.8.0_20/bin/server;C:/Program Files/Java/jre1.8.0_20/bin;C:/Program Files/Java/jre1.8.0_20/lib/amd64;C:\ProgramData\Oracle\Java\javapath;C:\Windows\system32;C:\eclipse\apache-maven-3.2.1\bin;C:\Windows;C:\Windows\System32\Wbem;C:\Windows\System32\WindowsPowerShell\v1.0\;C:\Program Files (x86)\QuickTime Alternative\QTSystem;C:\Program Files (x86)\QuickTime Alternative\QTSystem\;C:\Program Files (x86)\Windows Kits\8.1\Windows Performance Toolkit\;C:\Program Files\Microsoft SQL Server\110\Tools\Binn\;C:\Program Files\Java\jdk1.8.0_20\bin;C:\Program Files\Java\jdk1.8.0_20\bin;;C:\eclipse;
USERNAME=alex
OS=Windows_NT
PROCESSOR_IDENTIFIER=Intel64 Family 6 Model 37 Stepping 5, GenuineIntel



---------------  S Y S T E M  ---------------

OS: Windows 8.1 , 64 bit Build 9600 

CPU:total 4 (2 cores per cpu, 2 threads per core) family 6 model 37 stepping 5, cmov, cx8, fxsr, mmx, sse, sse2, sse3, ssse3, sse4.1, sse4.2, popcnt, ht, tsc, tscinvbit

Memory: 4k page, physical 6216376k(2507684k free), swap 7264952k(2759336k free)

vm_info: Java HotSpot(TM) 64-Bit Server VM (25.20-b23) for windows-amd64 JRE (1.8.0_20-b26), built on Jul 30 2014 13:51:23 by "java_re" with MS VC++ 10.0 (VS2010)

time: Mon Sep 08 19:48:01 2014
elapsed time: 157 seconds (0d 0h 2m 37s)

